0 info it worked if it ends with ok
1 verbose cli [ '/usr/local/bin/node',
1 verbose cli   '/usr/local/bin/npm',
1 verbose cli   'rebuild',
1 verbose cli   'node-sass' ]
2 info using npm@3.10.10
3 info using node@v6.14.2
4 info readInstalled object
5 verbose rebuild path, id [ '/Applications/XAMPP/xamppfiles/htdocs/tony/github/yellowBfilms-portfolio-site/node_modules/gulp-sass/node_modules/node-sass',
5 verbose rebuild   'node-sass@3.4.2' ]
6 silly rebuild set [ '/Applications/XAMPP/xamppfiles/htdocs/tony/github/yellowBfilms-portfolio-site/node_modules/gulp-sass/node_modules/node-sass' ]
7 info build /Applications/XAMPP/xamppfiles/htdocs/tony/github/yellowBfilms-portfolio-site/node_modules/gulp-sass/node_modules/node-sass
8 info lifecycle node-sass@3.4.2~preinstall: node-sass@3.4.2
9 silly lifecycle node-sass@3.4.2~preinstall: no script for preinstall, continuing
10 info linkStuff node-sass@3.4.2
11 silly linkStuff node-sass@3.4.2 has /Applications/XAMPP/xamppfiles/htdocs/tony/github/yellowBfilms-portfolio-site/node_modules/gulp-sass/node_modules as its parent node_modules
12 verbose linkBins node-sass@3.4.2
13 verbose link bins [ { 'node-sass': 'bin/node-sass' },
13 verbose link bins   '/Applications/XAMPP/xamppfiles/htdocs/tony/github/yellowBfilms-portfolio-site/node_modules/gulp-sass/node_modules/.bin',
13 verbose link bins   false ]
14 verbose linkMans node-sass@3.4.2
15 verbose rebuildBundles node-sass@3.4.2
16 verbose rebuildBundles [ 'async-foreach',
16 verbose rebuildBundles   'chalk',
16 verbose rebuildBundles   'cross-spawn',
16 verbose rebuildBundles   'gaze',
16 verbose rebuildBundles   'get-stdin',
16 verbose rebuildBundles   'glob',
16 verbose rebuildBundles   'meow',
16 verbose rebuildBundles   'mkdirp',
16 verbose rebuildBundles   'nan',
16 verbose rebuildBundles   'node-gyp',
16 verbose rebuildBundles   'npmconf',
16 verbose rebuildBundles   'request',
16 verbose rebuildBundles   'sass-graph' ]
17 info lifecycle node-sass@3.4.2~install: node-sass@3.4.2
18 verbose lifecycle node-sass@3.4.2~install: unsafe-perm in lifecycle true
19 verbose lifecycle node-sass@3.4.2~install: PATH: /usr/local/lib/node_modules/npm/bin/node-gyp-bin:/Applications/XAMPP/xamppfiles/htdocs/tony/github/yellowBfilms-portfolio-site/node_modules/gulp-sass/node_modules/node-sass/node_modules/.bin:/Applications/XAMPP/xamppfiles/htdocs/tony/github/yellowBfilms-portfolio-site/node_modules/gulp-sass/node_modules/.bin:/Applications/XAMPP/xamppfiles/htdocs/tony/github/yellowBfilms-portfolio-site/node_modules/.bin:/usr/bin:/bin:/usr/sbin:/sbin:/usr/local/bin
20 verbose lifecycle node-sass@3.4.2~install: CWD: /Applications/XAMPP/xamppfiles/htdocs/tony/github/yellowBfilms-portfolio-site/node_modules/gulp-sass/node_modules/node-sass
21 silly lifecycle node-sass@3.4.2~install: Args: [ '-c', 'node scripts/install.js' ]
22 silly lifecycle node-sass@3.4.2~install: Returned: code: 0  signal: null
23 info lifecycle node-sass@3.4.2~postinstall: node-sass@3.4.2
24 verbose lifecycle node-sass@3.4.2~postinstall: unsafe-perm in lifecycle true
25 verbose lifecycle node-sass@3.4.2~postinstall: PATH: /usr/local/lib/node_modules/npm/bin/node-gyp-bin:/Applications/XAMPP/xamppfiles/htdocs/tony/github/yellowBfilms-portfolio-site/node_modules/gulp-sass/node_modules/node-sass/node_modules/.bin:/Applications/XAMPP/xamppfiles/htdocs/tony/github/yellowBfilms-portfolio-site/node_modules/gulp-sass/node_modules/.bin:/Applications/XAMPP/xamppfiles/htdocs/tony/github/yellowBfilms-portfolio-site/node_modules/.bin:/usr/bin:/bin:/usr/sbin:/sbin:/usr/local/bin
26 verbose lifecycle node-sass@3.4.2~postinstall: CWD: /Applications/XAMPP/xamppfiles/htdocs/tony/github/yellowBfilms-portfolio-site/node_modules/gulp-sass/node_modules/node-sass
27 silly lifecycle node-sass@3.4.2~postinstall: Args: [ '-c', 'node scripts/build.js' ]
28 silly lifecycle node-sass@3.4.2~postinstall: Returned: code: 1  signal: null
29 info lifecycle node-sass@3.4.2~postinstall: Failed to exec postinstall script
30 verbose stack Error: node-sass@3.4.2 postinstall: `node scripts/build.js`
30 verbose stack Exit status 1
30 verbose stack     at EventEmitter.<anonymous> (/usr/local/lib/node_modules/npm/lib/utils/lifecycle.js:255:16)
30 verbose stack     at emitTwo (events.js:106:13)
30 verbose stack     at EventEmitter.emit (events.js:191:7)
30 verbose stack     at ChildProcess.<anonymous> (/usr/local/lib/node_modules/npm/lib/utils/spawn.js:40:14)
30 verbose stack     at emitTwo (events.js:106:13)
30 verbose stack     at ChildProcess.emit (events.js:191:7)
30 verbose stack     at maybeClose (internal/child_process.js:920:16)
30 verbose stack     at Process.ChildProcess._handle.onexit (internal/child_process.js:230:5)
31 verbose pkgid node-sass@3.4.2
32 verbose cwd /Applications/XAMPP/xamppfiles/htdocs/tony/github/yellowBfilms-portfolio-site
33 error Darwin 18.0.0
34 error argv "/usr/local/bin/node" "/usr/local/bin/npm" "rebuild" "node-sass"
35 error node v6.14.2
36 error npm  v3.10.10
37 error code ELIFECYCLE
38 error node-sass@3.4.2 postinstall: `node scripts/build.js`
38 error Exit status 1
39 error Failed at the node-sass@3.4.2 postinstall script 'node scripts/build.js'.
39 error Make sure you have the latest version of node.js and npm installed.
39 error If you do, this is most likely a problem with the node-sass package,
39 error not with npm itself.
39 error Tell the author that this fails on your system:
39 error     node scripts/build.js
39 error You can get information on how to open an issue for this project with:
39 error     npm bugs node-sass
39 error Or if that isn't available, you can get their info via:
39 error     npm owner ls node-sass
39 error There is likely additional logging output above.
40 verbose exit [ 1, true ]
